h:\xhf\c++\cg1\cg1\release\cg1.pch
h:\xhf\c++\cg1\cg1\release\vc141.pdb
h:\xhf\c++\cg1\cg1\release\stdafx.obj
h:\xhf\c++\cg1\cg1\release\triangle_mesh.obj
h:\xhf\c++\cg1\cg1\release\test.obj
h:\xhf\c++\cg1\cg1\release\surfaceofrevolution.obj
h:\xhf\c++\cg1\cg1\release\surface.obj
h:\xhf\c++\cg1\cg1\release\spline_parser.obj
h:\xhf\c++\cg1\cg1\release\spline.obj
h:\xhf\c++\cg1\cg1\release\matrix.obj
h:\xhf\c++\cg1\cg1\release\glcanvas.obj
h:\xhf\c++\cg1\cg1\release\curve.obj
h:\xhf\c++\cg1\cg1\release\cg1.obj
h:\xhf\c++\cg1\cg1\release\bsplinecurve.obj
h:\xhf\c++\cg1\cg1\release\bezierpatch.obj
h:\xhf\c++\cg1\cg1\release\beziercurve.obj
h:\xhf\c++\cg1\cg1\release\cg1.tlog\cl.command.1.tlog
h:\xhf\c++\cg1\cg1\release\cg1.tlog\cl.read.1.tlog
h:\xhf\c++\cg1\cg1\release\cg1.tlog\cl.write.1.tlog
h:\xhf\c++\cg1\cg1\release\cg1.tlog\link.command.1.tlog
h:\xhf\c++\cg1\cg1\release\cg1.tlog\link.read.1.tlog
h:\xhf\c++\cg1\cg1\release\cg1.tlog\link.write.1.tlog
